0 info it worked if it ends with ok
1 verbose cli [ '/Users/alasdairscott/.nvm/versions/node/v6.6.0/bin/node',
1 verbose cli   '/Users/alasdairscott/.nvm/versions/node/v6.6.0/bin/npm',
1 verbose cli   'run',
1 verbose cli   'build' ]
2 info using npm@3.10.7
3 info using node@v6.6.0
4 verbose stack Error: ENOENT: no such file or directory, open '/Users/alasdairscott/Documents/django-s3-uploads/example/package.json'
4 verbose stack     at Error (native)
5 verbose cwd /Users/alasdairscott/Documents/django-s3-uploads/example
6 error Darwin 15.6.0
7 error argv "/Users/alasdairscott/.nvm/versions/node/v6.6.0/bin/node" "/Users/alasdairscott/.nvm/versions/node/v6.6.0/bin/npm" "run" "build"
8 error node v6.6.0
9 error npm  v3.10.7
10 error path /Users/alasdairscott/Documents/django-s3-uploads/example/package.json
11 error code ENOENT
12 error errno -2
13 error syscall open
14 error enoent ENOENT: no such file or directory, open '/Users/alasdairscott/Documents/django-s3-uploads/example/package.json'
15 error enoent ENOENT: no such file or directory, open '/Users/alasdairscott/Documents/django-s3-uploads/example/package.json'
15 error enoent This is most likely not a problem with npm itself
15 error enoent and is related to npm not being able to find a file.
16 verbose exit [ -2, true ]
